time="2018-10-19T14:51:36+08:00" level=error msg="&{127.0.0.1 5432 postgres 123456 postgres testdb}" Module=Database 
time="2018-10-19T14:51:36+08:00" level=info msg="database connection successfully! 
" Module=Database 
time="2018-10-19T14:51:36+08:00" level=info msg="datase connect now..." Module=Base 
time="2018-10-19T15:19:07+08:00" level=error msg="&{127.0.0.1 5432 postgres 123456 postgres testdb}" Module=Database 
time="2018-10-19T15:19:07+08:00" level=info msg="database connection successfully! 
" Module=Database 
time="2018-10-19T15:19:07+08:00" level=info msg="datase connect now..." Module=Base 
time="2018-10-31T10:24:12+08:00" level=error msg="&{127.0.0.1 5432 postgres 123456 postgres testdb}" Module=Database 
time="2018-10-31T10:24:12+08:00" level=info msg="database connection successfully! 
" Module=Database 
time="2018-10-31T10:24:12+08:00" level=info msg="datase connect now..." Module=Base 
time="2018-10-31T10:25:07+08:00" level=info msg="Query args:%!(NOVERB)%!(EXTRA []interface {}=[aa bb frontend])" Module=Database 
time="2018-10-31T10:25:07+08:00" level=info msg="start to query userName:%!(EXTRA string=aa)" Module=Database 
time="2018-10-31T10:25:07+08:00" level=info msg="Query args:%!(NOVERB)%!(EXTRA []interface {}=[aa])" Module=Database 
time="2018-10-31T10:25:07+08:00" level=info msg="GetUserID id=%d 1" Module=Base 
time="2018-10-31T10:25:08+08:00" level=info msg="Query args:%!(NOVERB)%!(EXTRA []interface {}=[aa bb frontend])" Module=Database 
time="2018-10-31T10:25:08+08:00" level=info msg="start to query userName:%!(EXTRA string=aa)" Module=Database 
time="2018-10-31T10:25:08+08:00" level=info msg="Query args:%!(NOVERB)%!(EXTRA []interface {}=[aa])" Module=Database 
time="2018-10-31T10:25:08+08:00" level=info msg="GetUserID id=%d 1" Module=Base 
time="2018-10-31T10:25:09+08:00" level=info msg="Query args:%!(NOVERB)%!(EXTRA []interface {}=[aa bb frontend])" Module=Database 
time="2018-10-31T10:25:09+08:00" level=info msg="start to query userName:%!(EXTRA string=aa)" Module=Database 
time="2018-10-31T10:25:09+08:00" level=info msg="Query args:%!(NOVERB)%!(EXTRA []interface {}=[aa])" Module=Database 
time="2018-10-31T10:25:09+08:00" level=info msg="GetUserID id=%d 1" Module=Base 
time="2018-10-31T10:25:12+08:00" level=info msg="Query args:%!(NOVERB)%!(EXTRA []interface {}=[aa bb frontend])" Module=Database 
time="2018-10-31T10:25:12+08:00" level=info msg="start to query userName:%!(EXTRA string=aa)" Module=Database 
time="2018-10-31T10:25:12+08:00" level=info msg="Query args:%!(NOVERB)%!(EXTRA []interface {}=[aa])" Module=Database 
time="2018-10-31T10:25:12+08:00" level=info msg="GetUserID id=%d 1" Module=Base 
time="2018-10-31T10:26:32+08:00" level=info msg="Query args:%!(NOVERB)%!(EXTRA []interface {}=[aa bb frontend])" Module=Database 
time="2018-10-31T10:26:32+08:00" level=info msg="start to query userName:%!(EXTRA string=aa)" Module=Database 
time="2018-10-31T10:26:32+08:00" level=info msg="Query args:%!(NOVERB)%!(EXTRA []interface {}=[aa])" Module=Database 
time="2018-10-31T10:26:32+08:00" level=info msg="GetUserID id=%d 1" Module=Base 
time="2018-10-31T10:26:35+08:00" level=info msg="Query args:%!(NOVERB)%!(EXTRA []interface {}=[aa bb frontend])" Module=Database 
time="2018-10-31T10:26:35+08:00" level=info msg="start to query userName:%!(EXTRA string=aa)" Module=Database 
time="2018-10-31T10:26:35+08:00" level=info msg="Query args:%!(NOVERB)%!(EXTRA []interface {}=[aa])" Module=Database 
time="2018-10-31T10:26:35+08:00" level=info msg="GetUserID id=%d 1" Module=Base 
time="2018-10-31T10:31:54+08:00" level=error msg="&{127.0.0.1 5432 postgres 123456 postgres testdb}" Module=Database 
time="2018-10-31T10:31:54+08:00" level=info msg="database connection successfully! 
" Module=Database 
time="2018-10-31T10:31:54+08:00" level=info msg="datase connect now..." Module=Base 
time="2018-10-31T10:32:04+08:00" level=info msg="Query args:%!(NOVERB)%!(EXTRA []interface {}=[aa bb frontend])" Module=Database 
time="2018-10-31T10:32:04+08:00" level=info msg="start to query userName:%!(EXTRA string=aa)" Module=Database 
time="2018-10-31T10:32:04+08:00" level=info msg="Query args:%!(NOVERB)%!(EXTRA []interface {}=[aa])" Module=Database 
time="2018-10-31T10:32:04+08:00" level=info msg="GetUserID id=%d 1" Module=Base 
time="2018-10-31T10:32:19+08:00" level=info msg="Query args:%!(NOVERB)%!(EXTRA []interface {}=[aa bb frontend])" Module=Database 
time="2018-10-31T10:32:19+08:00" level=info msg="start to query userName:%!(EXTRA string=aa)" Module=Database 
time="2018-10-31T10:32:19+08:00" level=info msg="Query args:%!(NOVERB)%!(EXTRA []interface {}=[aa])" Module=Database 
time="2018-10-31T10:32:19+08:00" level=info msg="GetUserID id=%d 1" Module=Base 
time="2018-10-31T10:35:04+08:00" level=error msg="&{127.0.0.1 5432 postgres 123456 postgres testdb}" Module=Database 
time="2018-10-31T10:35:04+08:00" level=info msg="database connection successfully! 
" Module=Database 
time="2018-10-31T10:35:04+08:00" level=info msg="datase connect now..." Module=Base 
time="2018-10-31T10:35:16+08:00" level=info msg="Query args:%!(NOVERB)%!(EXTRA []interface {}=[aa bb frontend])" Module=Database 
time="2018-10-31T10:35:16+08:00" level=info msg="start to query userName:%!(EXTRA string=aa)" Module=Database 
time="2018-10-31T10:35:16+08:00" level=info msg="Query args:%!(NOVERB)%!(EXTRA []interface {}=[aa])" Module=Database 
time="2018-10-31T10:35:16+08:00" level=info msg="GetUserID id=%d 1" Module=Base 
time="2018-10-31T10:41:25+08:00" level=error msg="&{127.0.0.1 5432 postgres 123456 postgres testdb}" Module=Database 
time="2018-10-31T10:41:25+08:00" level=info msg="database connection successfully! 
" Module=Database 
time="2018-10-31T10:41:25+08:00" level=info msg="datase connect now..." Module=Base 
time="2018-10-31T10:41:29+08:00" level=info msg="Query args:%!(NOVERB)%!(EXTRA []interface {}=[aa bb frontend])" Module=Database 
time="2018-10-31T10:41:29+08:00" level=info msg="start to query userName:%!(EXTRA string=aa)" Module=Database 
time="2018-10-31T10:41:29+08:00" level=info msg="Query args:%!(NOVERB)%!(EXTRA []interface {}=[aa])" Module=Database 
time="2018-10-31T10:41:29+08:00" level=info msg="GetUserID id=%d 1" Module=Base 
time="2018-10-31T10:41:31+08:00" level=info msg="Query args:%!(NOVERB)%!(EXTRA []interface {}=[aa bb frontend])" Module=Database 
time="2018-10-31T10:41:31+08:00" level=info msg="start to query userName:%!(EXTRA string=aa)" Module=Database 
time="2018-10-31T10:41:31+08:00" level=info msg="Query args:%!(NOVERB)%!(EXTRA []interface {}=[aa])" Module=Database 
time="2018-10-31T10:41:31+08:00" level=info msg="GetUserID id=%d 1" Module=Base 
time="2018-10-31T10:46:23+08:00" level=error msg="&{127.0.0.1 5432 postgres 123456 postgres testdb}" Module=Database 
time="2018-10-31T10:46:23+08:00" level=info msg="database connection successfully! 
" Module=Database 
time="2018-10-31T10:46:23+08:00" level=info msg="datase connect now..." Module=Base 
time="2018-10-31T10:46:33+08:00" level=info msg="Query args:%!(NOVERB)%!(EXTRA []interface {}=[aa bb frontend])" Module=Database 
time="2018-10-31T10:46:33+08:00" level=info msg="start to query userName:%!(EXTRA string=aa)" Module=Database 
time="2018-10-31T10:46:33+08:00" level=info msg="Query args:%!(NOVERB)%!(EXTRA []interface {}=[aa])" Module=Database 
time="2018-10-31T10:46:33+08:00" level=info msg="GetUserID id=%d 1" Module=Base 
time="2018-10-31T10:46:44+08:00" level=info msg="Query args:%!(NOVERB)%!(EXTRA []interface {}=[aa bb frontend])" Module=Database 
time="2018-10-31T10:46:44+08:00" level=info msg="start to query userName:%!(EXTRA string=aa)" Module=Database 
time="2018-10-31T10:46:44+08:00" level=info msg="Query args:%!(NOVERB)%!(EXTRA []interface {}=[aa])" Module=Database 
time="2018-10-31T10:46:44+08:00" level=info msg="GetUserID id=%d 1" Module=Base 
time="2018-10-31T10:48:12+08:00" level=error msg="&{127.0.0.1 5432 postgres 123456 postgres testdb}" Module=Database 
time="2018-10-31T10:48:13+08:00" level=info msg="database connection successfully! 
" Module=Database 
time="2018-10-31T10:48:13+08:00" level=info msg="datase connect now..." Module=Base 
time="2018-10-31T10:48:18+08:00" level=info msg="Query args:%!(NOVERB)%!(EXTRA []interface {}=[aa bb frontend])" Module=Database 
time="2018-10-31T10:48:18+08:00" level=info msg="start to query userName:%!(EXTRA string=aa)" Module=Database 
time="2018-10-31T10:48:18+08:00" level=info msg="Query args:%!(NOVERB)%!(EXTRA []interface {}=[aa])" Module=Database 
time="2018-10-31T10:48:18+08:00" level=info msg="GetUserID id=%d 1" Module=Base 
time="2018-10-31T10:48:33+08:00" level=info msg="Query args:%!(NOVERB)%!(EXTRA []interface {}=[aa bb frontend])" Module=Database 
time="2018-10-31T10:48:33+08:00" level=info msg="start to query userName:%!(EXTRA string=aa)" Module=Database 
time="2018-10-31T10:48:33+08:00" level=info msg="Query args:%!(NOVERB)%!(EXTRA []interface {}=[aa])" Module=Database 
time="2018-10-31T10:48:33+08:00" level=info msg="GetUserID id=%d 1" Module=Base 
time="2018-10-31T10:52:06+08:00" level=info msg="Query args:%!(NOVERB)%!(EXTRA []interface {}=[a bb frontend])" Module=Database 
time="2018-10-31T10:52:06+08:00" level=error msg="User not exist or inactive!" Module=Base 
time="2018-10-31T10:53:21+08:00" level=info msg="Query args:%!(NOVERB)%!(EXTRA []interface {}=[aa bb frontend])" Module=Database 
time="2018-10-31T10:53:21+08:00" level=info msg="start to query userName:%!(EXTRA string=aa)" Module=Database 
time="2018-10-31T10:53:21+08:00" level=info msg="Query args:%!(NOVERB)%!(EXTRA []interface {}=[aa])" Module=Database 
time="2018-10-31T10:53:21+08:00" level=info msg="GetUserID id=%d 1" Module=Base 
time="2018-10-31T10:53:22+08:00" level=info msg="Query args:%!(NOVERB)%!(EXTRA []interface {}=[aa bb frontend])" Module=Database 
time="2018-10-31T10:53:22+08:00" level=info msg="start to query userName:%!(EXTRA string=aa)" Module=Database 
time="2018-10-31T10:53:22+08:00" level=info msg="Query args:%!(NOVERB)%!(EXTRA []interface {}=[aa])" Module=Database 
time="2018-10-31T10:53:22+08:00" level=info msg="GetUserID id=%d 1" Module=Base 
time="2018-10-31T20:05:54+08:00" level=error msg="&{127.0.0.1 5432 postgres 123456 postgres testdb}" Module=Database 
time="2018-10-31T20:05:54+08:00" level=info msg="database connection successfully! 
" Module=Database 
time="2018-10-31T20:05:54+08:00" level=info msg="datase connect now..." Module=Base 
time="2018-10-31T20:10:26+08:00" level=error msg="&{127.0.0.1 5432 postgres 123456 postgres testdb}" Module=Database 
time="2018-10-31T20:10:26+08:00" level=info msg="database connection successfully! 
" Module=Database 
time="2018-10-31T20:10:26+08:00" level=info msg="datase connect now..." Module=Base 
time="2018-10-31T20:11:20+08:00" level=error msg="&{127.0.0.1 5432 postgres 123456 postgres testdb}" Module=Database 
time="2018-10-31T20:11:20+08:00" level=info msg="database connection successfully! 
" Module=Database 
time="2018-10-31T20:11:20+08:00" level=info msg="datase connect now..." Module=Base 
time="2018-10-31T20:13:39+08:00" level=error msg="&{127.0.0.1 5432 postgres 123456 postgres testdb}" Module=Database 
time="2018-10-31T20:13:39+08:00" level=info msg="database connection successfully! 
" Module=Database 
time="2018-10-31T20:13:39+08:00" level=info msg="datase connect now..." Module=Base 
time="2018-10-31T20:14:56+08:00" level=error msg="&{127.0.0.1 5432 postgres 123456 postgres testdb}" Module=Database 
time="2018-10-31T20:14:56+08:00" level=info msg="database connection successfully! 
" Module=Database 
time="2018-10-31T20:14:56+08:00" level=info msg="datase connect now..." Module=Base 
time="2018-10-31T20:16:23+08:00" level=error msg="&{127.0.0.1 5432 postgres 123456 postgres testdb}" Module=Database 
time="2018-10-31T20:16:23+08:00" level=info msg="database connection successfully! 
" Module=Database 
time="2018-10-31T20:16:23+08:00" level=info msg="datase connect now..." Module=Base 
