time="2018-10-10T10:45:38+08:00" level=error msg="&{127.0.0.1 1029 metahunter metahunter postgres MH}" Module=Database 
time="2018-10-10T10:45:39+08:00" level=error msg="database connection failed, retry..." Module=Database 
time="2018-10-10T10:45:45+08:00" level=error msg="database connection failed, retry..." Module=Database 
time="2018-10-10T10:45:51+08:00" level=error msg="database connection failed, retry..." Module=Database 
time="2018-10-10T10:45:57+08:00" level=error msg="database connection failed, retry..." Module=Database 
time="2018-10-10T10:46:03+08:00" level=error msg="database connection failed, retry..." Module=Database 
time="2018-10-10T10:46:09+08:00" level=error msg="database connection failed, retry..." Module=Database 
time="2018-10-10T10:46:15+08:00" level=error msg="database connection failed, retry..." Module=Database 
time="2018-10-10T10:46:21+08:00" level=error msg="database connection failed, retry..." Module=Database 
time="2018-10-10T10:46:27+08:00" level=error msg="database connection failed, retry..." Module=Database 
time="2018-10-10T10:46:33+08:00" level=error msg="database connection failed, retry..." Module=Database 
time="2018-10-10T10:46:39+08:00" level=error msg="database connection failed, retry..." Module=Database 
time="2018-10-10T10:46:45+08:00" level=error msg="database connection failed, retry..." Module=Database 
time="2018-10-10T10:46:51+08:00" level=error msg="database connection failed, retry..." Module=Database 
time="2018-10-10T10:46:57+08:00" level=error msg="database connection failed, retry..." Module=Database 
time="2018-10-10T10:47:03+08:00" level=error msg="database connection failed, retry..." Module=Database 
time="2018-10-10T10:47:09+08:00" level=error msg="database connection failed, retry..." Module=Database 
time="2018-10-10T10:47:15+08:00" level=error msg="database connection failed, retry..." Module=Database 
time="2018-10-10T10:47:21+08:00" level=error msg="database connection failed, retry..." Module=Database 
time="2018-10-10T10:47:27+08:00" level=error msg="database connection failed, retry..." Module=Database 
time="2018-10-10T10:47:33+08:00" level=error msg="database connection failed, retry..." Module=Database 
time="2018-10-10T10:47:39+08:00" level=error msg="database connection failed, retry..." Module=Database 
time="2018-10-10T10:47:48+08:00" level=error msg="&{127.0.0.1 5432 postgres 123456 postgres postgres}" Module=Database 
time="2018-10-10T10:47:48+08:00" level=info msg="database connection successfully! 
" Module=Database 
time="2018-10-10T10:57:26+08:00" level=error msg="&{127.0.0.1 5432 postgres 123456 postgres testdb}" Module=Database 
time="2018-10-10T10:57:26+08:00" level=info msg="database connection successfully! 
" Module=Database 
time="2018-10-10T10:57:26+08:00" level=info msg="database connect now.." Module=Base 
time="2018-10-10T10:58:41+08:00" level=error msg="&{127.0.0.1 5432 postgres 123456 postgres testdb}" Module=Database 
time="2018-10-10T10:58:41+08:00" level=info msg="database connection successfully! 
" Module=Database 
time="2018-10-10T10:58:41+08:00" level=info msg="database connect now.." Module=Base 
time="2018-10-10T11:05:30+08:00" level=error msg="&{127.0.0.1 5432 postgres 123456 postgres testdb}" Module=Database 
time="2018-10-10T11:05:30+08:00" level=info msg="database connection successfully! 
" Module=Database 
time="2018-10-10T11:05:30+08:00" level=info msg="datase connect now..." Module=Base 
time="2018-10-10T11:07:23+08:00" level=error msg="&{127.0.0.1 5432 postgres 123456 postgres testdb}" Module=Database 
time="2018-10-10T11:07:23+08:00" level=info msg="database connection successfully! 
" Module=Database 
time="2018-10-10T11:07:23+08:00" level=info msg="datase connect now..." Module=Base 
time="2018-10-10T11:08:29+08:00" level=error msg="&{127.0.0.1 5432 postgres 123456 postgres testdb}" Module=Database 
time="2018-10-10T11:08:29+08:00" level=info msg="database connection successfully! 
" Module=Database 
time="2018-10-10T11:08:29+08:00" level=info msg="datase connect now..." Module=Base 
time="2018-10-10T11:45:19+08:00" level=error msg="&{127.0.0.1 5432 postgres 123456 postgres testdb}" Module=Database 
time="2018-10-10T11:45:19+08:00" level=info msg="database connection successfully! 
" Module=Database 
time="2018-10-10T11:45:19+08:00" level=info msg="datase connect now..." Module=Base 
time="2018-10-10T11:48:55+08:00" level=error msg="&{127.0.0.1 5432 postgres 123456 postgres testdb}" Module=Database 
time="2018-10-10T11:48:55+08:00" level=info msg="database connection successfully! 
" Module=Database 
time="2018-10-10T11:48:55+08:00" level=info msg="datase connect now..." Module=Base 
time="2018-10-10T13:11:51+08:00" level=error msg="&{127.0.0.1 5432 postgres 123456 postgres testdb}" Module=Database 
time="2018-10-10T13:11:51+08:00" level=info msg="database connection successfully! 
" Module=Database 
time="2018-10-10T13:11:51+08:00" level=info msg="datase connect now..." Module=Base 
time="2018-10-10T13:12:34+08:00" level=info msg="Query args:%!(NOVERB)%!(EXTRA []interface {}=[aa frontend])" Module=Database 
time="2018-10-10T13:12:34+08:00" level=error msg="DBService: query error pq: relation "user_main" does not exist
" Module=Database 
time="2018-10-10T13:12:34+08:00" level=error msg="User not exist or inactive!" Module=Base 
time="2018-10-10T13:20:05+08:00" level=info msg="Query args:%!(NOVERB)%!(EXTRA []interface {}=[aa frontend])" Module=Database 
time="2018-10-10T13:20:05+08:00" level=error msg="DBService: query error pq: column "user_name" does not exist
" Module=Database 
time="2018-10-10T13:20:05+08:00" level=error msg="User not exist or inactive!" Module=Base 
time="2018-10-10T13:21:13+08:00" level=info msg="Query args:%!(NOVERB)%!(EXTRA []interface {}=[aa frontend])" Module=Database 
time="2018-10-10T13:21:13+08:00" level=error msg="DBService: query error pq: column "user_name" does not exist
" Module=Database 
time="2018-10-10T13:21:13+08:00" level=error msg="User not exist or inactive!" Module=Base 
time="2018-10-10T13:24:45+08:00" level=info msg="Query args:%!(NOVERB)%!(EXTRA []interface {}=[aa frontend])" Module=Database 
time="2018-10-10T13:24:45+08:00" level=info msg="Query args:%!(NOVERB)%!(EXTRA []interface {}=[aa bb frontend])" Module=Database 
time="2018-10-10T13:24:45+08:00" level=error msg="DBService: query error pq: syntax error at or near "user_type"
" Module=Database 
time="2018-10-10T13:24:45+08:00" level=error msg="Passwd not right!" Module=Base 
time="2018-10-10T13:26:26+08:00" level=error msg="&{127.0.0.1 5432 postgres 123456 postgres testdb}" Module=Database 
time="2018-10-10T13:26:26+08:00" level=info msg="database connection successfully! 
" Module=Database 
time="2018-10-10T13:26:26+08:00" level=info msg="datase connect now..." Module=Base 
time="2018-10-10T13:26:33+08:00" level=info msg="Query args:%!(NOVERB)%!(EXTRA []interface {}=[aa frontend])" Module=Database 
time="2018-10-10T13:26:33+08:00" level=info msg="Query args:%!(NOVERB)%!(EXTRA []interface {}=[aa bb frontend])" Module=Database 
time="2018-10-10T13:53:41+08:00" level=error msg="&{127.0.0.1 5432 postgres 123456 postgres testdb}" Module=Database 
time="2018-10-10T13:53:41+08:00" level=info msg="database connection successfully! 
" Module=Database 
time="2018-10-10T13:53:41+08:00" level=info msg="datase connect now..." Module=Base 
time="2018-10-10T13:54:14+08:00" level=info msg="Query args:%!(NOVERB)%!(EXTRA []interface {}=[aa frontend])" Module=Database 
time="2018-10-10T13:54:14+08:00" level=info msg="Query args:%!(NOVERB)%!(EXTRA []interface {}=[aa bb frontend])" Module=Database 
time="2018-10-10T13:54:35+08:00" level=info msg="Query args:%!(NOVERB)%!(EXTRA []interface {}=[aa frontend])" Module=Database 
time="2018-10-10T13:54:35+08:00" level=info msg="Query args:%!(NOVERB)%!(EXTRA []interface {}=[aa bb frontend])" Module=Database 
time="2018-10-10T13:56:40+08:00" level=error msg="&{127.0.0.1 5432 postgres 123456 postgres testdb}" Module=Database 
time="2018-10-10T13:56:40+08:00" level=info msg="database connection successfully! 
" Module=Database 
time="2018-10-10T13:56:40+08:00" level=info msg="datase connect now..." Module=Base 
time="2018-10-10T13:56:48+08:00" level=info msg="Query args:%!(NOVERB)%!(EXTRA []interface {}=[aa frontend])" Module=Database 
time="2018-10-10T13:56:48+08:00" level=info msg="Query args:%!(NOVERB)%!(EXTRA []interface {}=[aa bb frontend])" Module=Database 
time="2018-10-10T14:01:09+08:00" level=error msg="&{127.0.0.1 5432 postgres 123456 postgres testdb}" Module=Database 
time="2018-10-10T14:01:09+08:00" level=info msg="database connection successfully! 
" Module=Database 
time="2018-10-10T14:01:09+08:00" level=info msg="datase connect now..." Module=Base 
time="2018-10-10T14:01:22+08:00" level=info msg="Query args:%!(NOVERB)%!(EXTRA []interface {}=[aa frontend])" Module=Database 
time="2018-10-10T14:01:22+08:00" level=info msg="Query args:%!(NOVERB)%!(EXTRA []interface {}=[aa bb frontend])" Module=Database 
time="2018-10-10T14:01:45+08:00" level=info msg="Query args:%!(NOVERB)%!(EXTRA []interface {}=[aa frontend])" Module=Database 
time="2018-10-10T14:01:45+08:00" level=info msg="Query args:%!(NOVERB)%!(EXTRA []interface {}=[aa bb frontend])" Module=Database 
time="2018-10-10T14:05:25+08:00" level=error msg="&{127.0.0.1 5432 postgres 123456 postgres testdb}" Module=Database 
time="2018-10-10T14:05:25+08:00" level=info msg="database connection successfully! 
" Module=Database 
time="2018-10-10T14:05:25+08:00" level=info msg="datase connect now..." Module=Base 
time="2018-10-10T14:05:30+08:00" level=info msg="Query args:%!(NOVERB)%!(EXTRA []interface {}=[aa frontend])" Module=Database 
time="2018-10-10T14:05:30+08:00" level=info msg="Query args:%!(NOVERB)%!(EXTRA []interface {}=[aa bb frontend])" Module=Database 
time="2018-10-10T14:05:42+08:00" level=info msg="Query args:%!(NOVERB)%!(EXTRA []interface {}=[aa frontend])" Module=Database 
time="2018-10-10T14:05:42+08:00" level=info msg="Query args:%!(NOVERB)%!(EXTRA []interface {}=[aa bb frontend])" Module=Database 
time="2018-10-10T14:06:18+08:00" level=info msg="Query args:%!(NOVERB)%!(EXTRA []interface {}=[aa frontend])" Module=Database 
time="2018-10-10T14:06:18+08:00" level=info msg="Query args:%!(NOVERB)%!(EXTRA []interface {}=[aa bbb frontend])" Module=Database 
time="2018-10-10T14:06:18+08:00" level=error msg="Passwd not right!" Module=Base 
time="2018-10-10T14:18:40+08:00" level=error msg="&{127.0.0.1 5432 postgres 123456 postgres testdb}" Module=Database 
time="2018-10-10T14:18:40+08:00" level=info msg="database connection successfully! 
" Module=Database 
time="2018-10-10T14:18:40+08:00" level=info msg="datase connect now..." Module=Base 
time="2018-10-10T14:18:50+08:00" level=info msg="Query args:%!(NOVERB)%!(EXTRA []interface {}=[aa frontend])" Module=Database 
time="2018-10-10T14:18:50+08:00" level=info msg="Query args:%!(NOVERB)%!(EXTRA []interface {}=[aa bbb frontend])" Module=Database 
time="2018-10-10T14:18:50+08:00" level=error msg="Passwd not right!" Module=Base 
time="2018-10-10T14:19:08+08:00" level=info msg="Query args:%!(NOVERB)%!(EXTRA []interface {}=[aa frontend])" Module=Database 
time="2018-10-10T14:19:08+08:00" level=info msg="Query args:%!(NOVERB)%!(EXTRA []interface {}=[aa bb frontend])" Module=Database 
time="2018-10-10T16:08:41+08:00" level=error msg="&{127.0.0.1 5432 postgres 123456 postgres testdb}" Module=Database 
time="2018-10-10T16:08:41+08:00" level=info msg="database connection successfully! 
" Module=Database 
time="2018-10-10T16:08:41+08:00" level=info msg="datase connect now..." Module=Base 
time="2018-10-10T16:08:48+08:00" level=info msg="Query args:%!(NOVERB)%!(EXTRA []interface {}=[aa frontend])" Module=Database 
time="2018-10-10T16:08:48+08:00" level=info msg="Query args:%!(NOVERB)%!(EXTRA []interface {}=[aa bb frontend])" Module=Database 
time="2018-10-10T16:35:29+08:00" level=error msg="&{127.0.0.1 5432 postgres 123456 postgres testdb}" Module=Database 
time="2018-10-10T16:35:29+08:00" level=info msg="database connection successfully! 
" Module=Database 
time="2018-10-10T16:35:29+08:00" level=info msg="datase connect now..." Module=Base 
time="2018-10-10T17:00:34+08:00" level=error msg="&{127.0.0.1 5432 postgres 123456 postgres testdb}" Module=Database 
time="2018-10-10T17:00:34+08:00" level=info msg="database connection successfully! 
" Module=Database 
time="2018-10-10T17:00:34+08:00" level=info msg="datase connect now..." Module=Base 
time="2018-10-10T17:00:53+08:00" level=info msg="Query args:%!(NOVERB)%!(EXTRA []interface {}=[aa bb frontend])" Module=Database 
time="2018-10-10T17:00:53+08:00" level=info msg="start to query userName:%!(EXTRA string=aa)" Module=Database 
time="2018-10-10T17:00:53+08:00" level=info msg="Query args:%!(NOVERB)%!(EXTRA []interface {}=[aa])" Module=Database 
time="2018-10-10T17:00:53+08:00" level=info msg="GetUserID id=%d 1" Module=Base 
time="2018-10-10T17:10:45+08:00" level=error msg="&{127.0.0.1 5432 postgres 123456 postgres testdb}" Module=Database 
time="2018-10-10T17:10:45+08:00" level=info msg="database connection successfully! 
" Module=Database 
time="2018-10-10T17:10:45+08:00" level=info msg="datase connect now..." Module=Base 
time="2018-10-10T17:11:17+08:00" level=info msg="Query args:%!(NOVERB)%!(EXTRA []interface {}=[aa bb frontend])" Module=Database 
time="2018-10-10T17:11:18+08:00" level=info msg="start to query userName:%!(EXTRA string=aa)" Module=Database 
time="2018-10-10T17:11:18+08:00" level=info msg="Query args:%!(NOVERB)%!(EXTRA []interface {}=[aa])" Module=Database 
time="2018-10-10T17:11:18+08:00" level=info msg="GetUserID id=%d 1" Module=Base 
time="2018-10-10T17:15:12+08:00" level=info msg="Query args:%!(NOVERB)%!(EXTRA []interface {}=[aa bb frontend])" Module=Database 
time="2018-10-10T17:15:12+08:00" level=info msg="start to query userName:%!(EXTRA string=aa)" Module=Database 
time="2018-10-10T17:15:12+08:00" level=info msg="Query args:%!(NOVERB)%!(EXTRA []interface {}=[aa])" Module=Database 
time="2018-10-10T17:15:12+08:00" level=info msg="GetUserID id=%d 1" Module=Base 
time="2018-10-11T14:23:57+08:00" level=error msg="&{127.0.0.1 5432 postgres 123456 postgres testdb}" Module=Database 
time="2018-10-11T14:23:57+08:00" level=info msg="database connection successfully! 
" Module=Database 
time="2018-10-11T14:23:57+08:00" level=info msg="datase connect now..." Module=Base 
time="2018-10-12T18:54:54+08:00" level=error msg="&{127.0.0.1 5432 postgres 123456 postgres testdb}" Module=Database 
time="2018-10-12T18:54:54+08:00" level=info msg="database connection successfully! 
" Module=Database 
time="2018-10-12T18:54:54+08:00" level=info msg="datase connect now..." Module=Base 
